<?xml version="1.0" encoding="UTF-8"?>
<testng-results ignored="0" total="1" passed="1" failed="0" skipped="0">
  <reporter-output>
  </reporter-output>
  <suite started-at="2022-09-05T01:19:46 IST" name="Default suite" finished-at="2022-09-05T01:19:51 IST" duration-ms="5797">
    <groups>
    </groups>
    <test started-at="2022-09-05T01:19:46 IST" name="Default test" finished-at="2022-09-05T01:19:51 IST" duration-ms="5797">
      <class name="com.jenkinsPractice.login.login">
        <test-method signature="loginvtigerTest()[pri:0, instance:com.jenkinsPractice.login.login@4803b726]" started-at="2022-09-05T01:19:46 IST" name="loginvtigerTest" finished-at="2022-09-05T01:19:51 IST" duration-ms="5768" status="PASS">
          <reporter-output>
          </reporter-output>
        </test-method> <!-- loginvtigerTest -->
      </class> <!-- com.jenkinsPractice.login.login -->
    </test> <!-- Default test -->
  </suite> <!-- Default suite -->
</testng-results>
